<?xml version="1.0" encoding="UTF-8"?>
<testsuite xmlns:xsi="http://www.w3.org/2001/XMLSchema-instance" xsi:noNamespaceSchemaLocation="https://maven.apache.org/surefire/maven-surefire-plugin/xsd/surefire-test-report-3.0.xsd" version="3.0" name="com.itheima.RedisTest" time="8.335" tests="2" errors="0" skipped="0" failures="0">
  <properties>
[...]
</properties>
  <testcase name="testGet" classname="com.itheima.RedisTest" time="2.196">
    <system-out><![CDATA[16:53:28.128 [main] INFO org.springframework.test.context.support.AnnotationConfigContextLoaderUtils -- Could not detect default configuration classes for test class [com.itheima.RedisTest]: RedisTest does not declare any static, non-private, non-final, nested classes annotated with @Configuration.
16:53:28.380 [main] INFO org.springframework.boot.test.context.SpringBootTestContextBootstrapper -- Found @SpringBootConfiguration com.itheima.BigEventApplication for test class com.itheima.RedisTest

  .   ____          _            __ _ _
 /\\ / ___'_ __ _ _(_)_ __  __ _ \ \ \ \
( ( )\___ | '_ | '_| | '_ \/ _` | \ \ \ \
 \\/  ___)| |_)| | | | | || (_| |  ) ) ) )
  '  |____| .__|_| |_|_| |_\__, | / / / /
 =========|_|==============|___/=/_/_/_/
 :: Spring Boot ::                (v3.1.3)

2024-02-02T16:53:29.183+09:00  INFO 16504 --- [           main] com.itheima.RedisTest                    : Starting RedisTest using Java 17.0.2 with PID 16504 (started by students in C:\code\shangguigu\javaweb2023\big-event)
2024-02-02T16:53:29.185+09:00  INFO 16504 --- [           main] com.itheima.RedisTest                    : No active profile set, falling back to 1 default profile: "default"
2024-02-02T16:53:30.589+09:00  INFO 16504 --- [           main] .s.d.r.c.RepositoryConfigurationDelegate : Multiple Spring Data modules found, entering strict repository configuration mode
2024-02-02T16:53:30.596+09:00  INFO 16504 --- [           main] .s.d.r.c.RepositoryConfigurationDelegate : Bootstrapping Spring Data Redis repositories in DEFAULT mode.
2024-02-02T16:53:30.652+09:00  INFO 16504 --- [           main] .s.d.r.c.RepositoryConfigurationDelegate : Finished Spring Data repository scanning in 21 ms. Found 0 Redis repository interfaces.
2024-02-02T16:53:33.877+09:00  INFO 16504 --- [           main] com.itheima.RedisTest                    : Started RedisTest in 5.176 seconds (process running for 7.897)
hello123
null
]]></system-out>
  </testcase>
  <testcase name="testSet" classname="com.itheima.RedisTest" time="0.018"/>
</testsuite>